[debug] [2022-08-29T02:43:55.883Z] ----------------------------------------------------------------------
[debug] [2022-08-29T02:43:55.884Z] Command:       /usr/local/bin/node /usr/local/bin/firebase serve -p 5001
[debug] [2022-08-29T02:43:55.885Z] CLI Version:   11.1.0
[debug] [2022-08-29T02:43:55.885Z] Platform:      darwin
[debug] [2022-08-29T02:43:55.886Z] Node Version:  v16.14.0
[debug] [2022-08-29T02:43:55.890Z] Time:          Mon Aug 29 2022 08:13:55 GMT+0530 (India Standard Time)
[debug] [2022-08-29T02:43:55.891Z] ----------------------------------------------------------------------
[debug] 
[debug] [2022-08-29T02:43:55.895Z] >>> [apiv2][query] GET https://firebase-public.firebaseio.com/cli.json [none]
[debug] [2022-08-29T02:43:55.991Z] > command requires scopes: ["email","openid","https://www.googleapis.com/auth/cloudplatformprojects.readonly","https://www.googleapis.com/auth/firebase","https://www.googleapis.com/auth/cloud-platform"]
[debug] [2022-08-29T02:43:55.992Z] > authorizing via signed-in user (akramansari1433@gmail.com)
[debug] [2022-08-29T02:43:55.993Z] [iam] checking project spectrum-42da3 for permissions ["firebase.projects.get"]
[debug] [2022-08-29T02:43:55.994Z] > refreshing access token with scopes: []
[debug] [2022-08-29T02:43:55.995Z] >>> [apiv2][query] POST https://www.googleapis.com/oauth2/v3/token [none]
[debug] [2022-08-29T02:43:55.995Z] >>> [apiv2][body] POST https://www.googleapis.com/oauth2/v3/token [omitted]
[debug] [2022-08-29T02:43:56.251Z] <<< [apiv2][status] POST https://www.googleapis.com/oauth2/v3/token 200
[debug] [2022-08-29T02:43:56.254Z] <<< [apiv2][body] POST https://www.googleapis.com/oauth2/v3/token [omitted]
[debug] [2022-08-29T02:43:56.332Z] >>> [apiv2][query] POST https://cloudresourcemanager.googleapis.com/v1/projects/spectrum-42da3:testIamPermissions [none]
[debug] [2022-08-29T02:43:56.335Z] >>> [apiv2][body] POST https://cloudresourcemanager.googleapis.com/v1/projects/spectrum-42da3:testIamPermissions {"permissions":["firebase.projects.get"]}
[debug] [2022-08-29T02:43:56.909Z] <<< [apiv2][status] GET https://firebase-public.firebaseio.com/cli.json 200
[debug] [2022-08-29T02:43:56.910Z] <<< [apiv2][body] GET https://firebase-public.firebaseio.com/cli.json {"cloudBuildErrorAfter":1594252800000,"cloudBuildWarnAfter":1590019200000,"defaultNode10After":1594252800000,"minVersion":"3.0.5","node8DeploysDisabledAfter":1613390400000,"node8RuntimeDisabledAfter":1615809600000,"node8WarnAfter":1600128000000}
[debug] [2022-08-29T02:43:57.879Z] <<< [apiv2][status] POST https://cloudresourcemanager.googleapis.com/v1/projects/spectrum-42da3:testIamPermissions 200
[debug] [2022-08-29T02:43:57.879Z] <<< [apiv2][body] POST https://cloudresourcemanager.googleapis.com/v1/projects/spectrum-42da3:testIamPermissions {"permissions":["firebase.projects.get"]}
[debug] [2022-08-29T02:43:57.882Z] >>> [apiv2][query] GET https://firebase.googleapis.com/v1beta1/projects/spectrum-42da3 [none]
[debug] [2022-08-29T02:43:58.512Z] <<< [apiv2][status] GET https://firebase.googleapis.com/v1beta1/projects/spectrum-42da3 200
[debug] [2022-08-29T02:43:58.513Z] <<< [apiv2][body] GET https://firebase.googleapis.com/v1beta1/projects/spectrum-42da3 {"projectId":"spectrum-42da3","projectNumber":"871860573198","displayName":"spectrum","name":"projects/spectrum-42da3","resources":{"hostingSite":"spectrum-42da3","storageBucket":"spectrum-42da3.appspot.com","locationId":"asia-south1"},"state":"ACTIVE","etag":"1_c03ee026-e83f-4e61-9955-86e3177ec7e4"}
[info] 
[info] === Serving from '/Users/akram/College/MCA/Mini-Project/spectrum-firebase-functions'...
[info] 
[info] ✔  functions: Using node@16 from host. {"metadata":{"emulator":{"name":"functions"},"message":"Using node@16 from host."}}
[debug] [2022-08-29T02:43:58.571Z] defaultcredentials: writing to file /Users/akram/.config/firebase/akramansari1433_gmail_com_application_default_credentials.json
[debug] [2022-08-29T02:43:58.573Z] Setting GAC to /Users/akram/.config/firebase/akramansari1433_gmail_com_application_default_credentials.json {"metadata":{"emulator":{"name":"functions"},"message":"Setting GAC to /Users/akram/.config/firebase/akramansari1433_gmail_com_application_default_credentials.json"}}
[debug] [2022-08-29T02:43:58.575Z] >>> [apiv2][query] GET https://firebase.googleapis.com/v1beta1/projects/spectrum-42da3/adminSdkConfig [none]
[debug] [2022-08-29T02:43:59.106Z] <<< [apiv2][status] GET https://firebase.googleapis.com/v1beta1/projects/spectrum-42da3/adminSdkConfig 200
[debug] [2022-08-29T02:43:59.106Z] <<< [apiv2][body] GET https://firebase.googleapis.com/v1beta1/projects/spectrum-42da3/adminSdkConfig {"projectId":"spectrum-42da3","storageBucket":"spectrum-42da3.appspot.com","locationId":"asia-south1"}
[info] i  functions: Watching "/Users/akram/College/MCA/Mini-Project/spectrum-firebase-functions/functions" for Cloud Functions... {"metadata":{"emulator":{"name":"functions"},"message":"Watching \"/Users/akram/College/MCA/Mini-Project/spectrum-firebase-functions/functions\" for Cloud Functions..."}}
[debug] [2022-08-29T02:43:59.159Z] Validating nodejs source
[warn] ⚠  functions: package.json indicates an outdated version of firebase-functions. Please upgrade using npm install --save firebase-functions@latest in your functions directory. 
[debug] [2022-08-29T02:44:00.470Z] > [functions] package.json contents: {
  "name": "functions",
  "description": "Cloud Functions for Firebase",
  "scripts": {
    "serve": "firebase emulators:start --only functions",
    "shell": "firebase functions:shell",
    "start": "npm run shell",
    "deploy": "firebase deploy --only functions",
    "logs": "firebase functions:log"
  },
  "engines": {
    "node": "16"
  },
  "main": "index.js",
  "dependencies": {
    "busboy": "^0.3.1",
    "cors": "^2.8.5",
    "express": "^4.17.1",
    "firebase-admin": "^10.0.0",
    "firebase-functions": "^3.18.1",
    "nodemailer": "^6.7.2"
  },
  "devDependencies": {
    "firebase-functions-test": "^0.2.0"
  },
  "private": true
}
[debug] [2022-08-29T02:44:00.470Z] Building nodejs source
[debug] [2022-08-29T02:44:00.470Z] Analyzing nodejs backend spec
[warn] ⚠  functions: You are using an old version of firebase-functions SDK (3.18.1). Please update firebase-functions SDK to >=3.20.0 
[info] ✔  functions[asia-south1-api]: http function initialized (http://localhost:5001/spectrum-42da3/asia-south1/api). {"metadata":{"emulator":{"name":"functions"},"message":"\u001b[1mhttp\u001b[22m function initialized (http://localhost:5001/spectrum-42da3/asia-south1/api)."}}
[debug] [2022-08-29T02:44:31.484Z] [work-queue] {"queueLength":1,"workRunningCount":0}
[debug] [2022-08-29T02:44:31.491Z] [work-queue] {"queueLength":0,"workRunningCount":1}
[debug] [2022-08-29T02:44:31.491Z] Accepted request GET /spectrum-42da3/asia-south1/api/favicon.ico --> asia-south1-api
[debug] [2022-08-29T02:44:31.524Z] [worker-pool] addWorker(asia-south1-api) {"metadata":{"emulator":{"name":"functions"},"message":"[worker-pool] addWorker(asia-south1-api)"}}
[debug] [2022-08-29T02:44:31.525Z] [worker-pool] Adding worker with key asia-south1-api, total=1 {"metadata":{"emulator":{"name":"functions"},"message":"[worker-pool] Adding worker with key asia-south1-api, total=1"}}
[debug] [2022-08-29T02:44:31.525Z] [worker-pool] submitWork(triggerId=asia-south1-api) {"metadata":{"emulator":{"name":"functions"},"message":"[worker-pool] submitWork(triggerId=asia-south1-api)"}}
[debug] [2022-08-29T02:44:31.525Z] [worker-asia-south1-api-0e2f2f75-7c19-49d0-961f-70e3ef43de8f]: Assigning socketPath: /var/folders/zk/180_njs15vj33jcwpz54qgfr0000gn/T/fire_emu_4535.sock {"metadata":{"emulator":{"name":"functions"},"message":"[worker-asia-south1-api-0e2f2f75-7c19-49d0-961f-70e3ef43de8f]: Assigning socketPath: /var/folders/zk/180_njs15vj33jcwpz54qgfr0000gn/T/fire_emu_4535.sock"}}
[debug] [2022-08-29T02:44:31.525Z] [worker-asia-south1-api-0e2f2f75-7c19-49d0-961f-70e3ef43de8f]: BUSY {"metadata":{"emulator":{"name":"functions"},"message":"[worker-asia-south1-api-0e2f2f75-7c19-49d0-961f-70e3ef43de8f]: BUSY"}}
[debug] [2022-08-29T02:44:32.466Z] [runtime-status] [4535] Functions runtime initialized. {"cwd":"/Users/akram/College/MCA/Mini-Project/spectrum-firebase-functions/functions","node_version":"16.14.0"} {"metadata":{"emulator":{"name":"functions"},"function":{"name":"asia-south1-api"},"extension":{},"message":"[runtime-status] [4535] Functions runtime initialized. {\"cwd\":\"/Users/akram/College/MCA/Mini-Project/spectrum-firebase-functions/functions\",\"node_version\":\"16.14.0\"}"}}
[debug] [2022-08-29T02:44:32.467Z] [runtime-status] [4535] Disabled runtime features: undefined {"metadata":{"emulator":{"name":"functions"},"function":{"name":"asia-south1-api"},"extension":{},"message":"[runtime-status] [4535] Disabled runtime features: undefined"}}
[debug] [2022-08-29T02:44:32.470Z] [runtime-status] [4535] Resolved module firebase-admin {"declared":true,"installed":true,"version":"10.0.2","resolution":"/Users/akram/College/MCA/Mini-Project/spectrum-firebase-functions/functions/node_modules/firebase-admin/lib/index.js"} {"metadata":{"emulator":{"name":"functions"},"function":{"name":"asia-south1-api"},"extension":{},"message":"[runtime-status] [4535] Resolved module firebase-admin {\"declared\":true,\"installed\":true,\"version\":\"10.0.2\",\"resolution\":\"/Users/akram/College/MCA/Mini-Project/spectrum-firebase-functions/functions/node_modules/firebase-admin/lib/index.js\"}"}}
[debug] [2022-08-29T02:44:32.471Z] [runtime-status] [4535] Resolved module firebase-functions {"declared":true,"installed":true,"version":"3.18.1","resolution":"/Users/akram/College/MCA/Mini-Project/spectrum-firebase-functions/functions/node_modules/firebase-functions/lib/index.js"} {"metadata":{"emulator":{"name":"functions"},"function":{"name":"asia-south1-api"},"extension":{},"message":"[runtime-status] [4535] Resolved module firebase-functions {\"declared\":true,\"installed\":true,\"version\":\"3.18.1\",\"resolution\":\"/Users/akram/College/MCA/Mini-Project/spectrum-firebase-functions/functions/node_modules/firebase-functions/lib/index.js\"}"}}
[debug] [2022-08-29T02:44:32.471Z] [runtime-status] [4535] Outgoing network have been stubbed. [{"name":"http","status":"mocked"},{"name":"http","status":"mocked"},{"name":"https","status":"mocked"},{"name":"https","status":"mocked"},{"name":"net","status":"mocked"}] {"metadata":{"emulator":{"name":"functions"},"function":{"name":"asia-south1-api"},"extension":{},"message":"[runtime-status] [4535] Outgoing network have been stubbed. [{\"name\":\"http\",\"status\":\"mocked\"},{\"name\":\"http\",\"status\":\"mocked\"},{\"name\":\"https\",\"status\":\"mocked\"},{\"name\":\"https\",\"status\":\"mocked\"},{\"name\":\"net\",\"status\":\"mocked\"}]"}}
[debug] [2022-08-29T02:44:32.472Z] [runtime-status] [4535] Resolved module firebase-functions {"declared":true,"installed":true,"version":"3.18.1","resolution":"/Users/akram/College/MCA/Mini-Project/spectrum-firebase-functions/functions/node_modules/firebase-functions/lib/index.js"} {"metadata":{"emulator":{"name":"functions"},"function":{"name":"asia-south1-api"},"extension":{},"message":"[runtime-status] [4535] Resolved module firebase-functions {\"declared\":true,\"installed\":true,\"version\":\"3.18.1\",\"resolution\":\"/Users/akram/College/MCA/Mini-Project/spectrum-firebase-functions/functions/node_modules/firebase-functions/lib/index.js\"}"}}
[debug] [2022-08-29T02:44:32.499Z] [runtime-status] [4535] Checked functions.config() {"config":{}} {"metadata":{"emulator":{"name":"functions"},"function":{"name":"asia-south1-api"},"extension":{},"message":"[runtime-status] [4535] Checked functions.config() {\"config\":{}}"}}
[debug] [2022-08-29T02:44:32.499Z] [runtime-status] [4535] firebase-functions has been stubbed. {"functionsResolution":{"declared":true,"installed":true,"version":"3.18.1","resolution":"/Users/akram/College/MCA/Mini-Project/spectrum-firebase-functions/functions/node_modules/firebase-functions/lib/index.js"}} {"metadata":{"emulator":{"name":"functions"},"function":{"name":"asia-south1-api"},"extension":{},"message":"[runtime-status] [4535] firebase-functions has been stubbed. {\"functionsResolution\":{\"declared\":true,\"installed\":true,\"version\":\"3.18.1\",\"resolution\":\"/Users/akram/College/MCA/Mini-Project/spectrum-firebase-functions/functions/node_modules/firebase-functions/lib/index.js\"}}"}}
[debug] [2022-08-29T02:44:32.500Z] [runtime-status] [4535] Resolved module firebase-functions {"declared":true,"installed":true,"version":"3.18.1","resolution":"/Users/akram/College/MCA/Mini-Project/spectrum-firebase-functions/functions/node_modules/firebase-functions/lib/index.js"} {"metadata":{"emulator":{"name":"functions"},"function":{"name":"asia-south1-api"},"extension":{},"message":"[runtime-status] [4535] Resolved module firebase-functions {\"declared\":true,\"installed\":true,\"version\":\"3.18.1\",\"resolution\":\"/Users/akram/College/MCA/Mini-Project/spectrum-firebase-functions/functions/node_modules/firebase-functions/lib/index.js\"}"}}
[debug] [2022-08-29T02:44:32.502Z] [runtime-status] [4535] Resolved module firebase-admin {"declared":true,"installed":true,"version":"10.0.2","resolution":"/Users/akram/College/MCA/Mini-Project/spectrum-firebase-functions/functions/node_modules/firebase-admin/lib/index.js"} {"metadata":{"emulator":{"name":"functions"},"function":{"name":"asia-south1-api"},"extension":{},"message":"[runtime-status] [4535] Resolved module firebase-admin {\"declared\":true,\"installed\":true,\"version\":\"10.0.2\",\"resolution\":\"/Users/akram/College/MCA/Mini-Project/spectrum-firebase-functions/functions/node_modules/firebase-admin/lib/index.js\"}"}}
[debug] [2022-08-29T02:44:32.503Z] [runtime-status] [4535] Resolved module firebase-functions {"declared":true,"installed":true,"version":"3.18.1","resolution":"/Users/akram/College/MCA/Mini-Project/spectrum-firebase-functions/functions/node_modules/firebase-functions/lib/index.js"} {"metadata":{"emulator":{"name":"functions"},"function":{"name":"asia-south1-api"},"extension":{},"message":"[runtime-status] [4535] Resolved module firebase-functions {\"declared\":true,\"installed\":true,\"version\":\"3.18.1\",\"resolution\":\"/Users/akram/College/MCA/Mini-Project/spectrum-firebase-functions/functions/node_modules/firebase-functions/lib/index.js\"}"}}
[debug] [2022-08-29T02:44:32.503Z] [runtime-status] [4535] firebase-admin has been stubbed. {"adminResolution":{"declared":true,"installed":true,"version":"10.0.2","resolution":"/Users/akram/College/MCA/Mini-Project/spectrum-firebase-functions/functions/node_modules/firebase-admin/lib/index.js"}} {"metadata":{"emulator":{"name":"functions"},"function":{"name":"asia-south1-api"},"extension":{},"message":"[runtime-status] [4535] firebase-admin has been stubbed. {\"adminResolution\":{\"declared\":true,\"installed\":true,\"version\":\"10.0.2\",\"resolution\":\"/Users/akram/College/MCA/Mini-Project/spectrum-firebase-functions/functions/node_modules/firebase-admin/lib/index.js\"}}"}}
[debug] [2022-08-29T02:44:32.560Z] [runtime-status] [4535] initializeApp(DEFAULT) {"storageBucket":"spectrum-42da3.appspot.com","projectId":"spectrum-42da3"} {"metadata":{"emulator":{"name":"functions"},"function":{"name":"asia-south1-api"},"extension":{},"message":"[runtime-status] [4535] initializeApp(DEFAULT) {\"storageBucket\":\"spectrum-42da3.appspot.com\",\"projectId\":\"spectrum-42da3\"}"}}
[warn] ⚠  functions: The Cloud Firestore emulator is not running, so calls to Firestore will affect production. {"metadata":{"emulator":{"name":"functions"},"function":{"name":"asia-south1-api"},"extension":{},"message":"The Cloud Firestore emulator is not running, so calls to Firestore will affect production."}}
[debug] [2022-08-29T02:44:32.605Z] [runtime-status] [4535] Beginning invocation function api! {"metadata":{"emulator":{"name":"functions"},"function":{"name":"asia-south1-api"},"extension":{},"message":"[runtime-status] [4535] Beginning invocation function api!"}}
[info] i  functions: Beginning execution of "api" {"metadata":{"emulator":{"name":"functions"},"function":{"name":"asia-south1-api"},"extension":{},"message":"Beginning execution of \"api\""}}
[debug] [2022-08-29T02:44:32.606Z] [runtime-status] [4535] Running api in signature http {"metadata":{"emulator":{"name":"functions"},"function":{"name":"asia-south1-api"},"extension":{},"message":"[runtime-status] [4535] Running api in signature http"}}
[debug] [2022-08-29T02:44:32.609Z] [runtime-status] [4535] Attempting to listen to socketPath: /var/folders/zk/180_njs15vj33jcwpz54qgfr0000gn/T/fire_emu_4535.sock {"metadata":{"emulator":{"name":"functions"},"function":{"name":"asia-south1-api"},"extension":{},"message":"[runtime-status] [4535] Attempting to listen to socketPath: /var/folders/zk/180_njs15vj33jcwpz54qgfr0000gn/T/fire_emu_4535.sock"}}
[debug] [2022-08-29T02:44:32.620Z] [functions] Runtime ready! Sending request! {"metadata":{"emulator":{"name":"functions"},"message":"[functions] Runtime ready! Sending request!"}}
[debug] [2022-08-29T02:44:32.622Z] [functions] Got req.url=/spectrum-42da3/asia-south1/api/favicon.ico, mapping to path=/favicon.ico {"metadata":{"emulator":{"name":"functions"},"message":"[functions] Got req.url=/spectrum-42da3/asia-south1/api/favicon.ico, mapping to path=/favicon.ico"}}
[debug] [2022-08-29T02:44:32.627Z] [runtime-status] [4535] Ephemeral server handling GET request {"metadata":{"emulator":{"name":"functions"},"function":{"name":"asia-south1-api"},"extension":{},"message":"[runtime-status] [4535] Ephemeral server handling GET request"}}
[debug] [2022-08-29T02:44:32.635Z] [runtime-status] [4535] Ephemeral server survived. {"metadata":{"emulator":{"name":"functions"},"function":{"name":"asia-south1-api"},"extension":{},"message":"[runtime-status] [4535] Ephemeral server survived."}}
[info] i  functions: Finished "api" in ~1s {"metadata":{"emulator":{"name":"functions"},"function":{"name":"asia-south1-api"},"extension":{},"message":"Finished \"api\" in ~1s"}}
[debug] [2022-08-29T02:44:32.636Z] [worker-asia-south1-api-0e2f2f75-7c19-49d0-961f-70e3ef43de8f]: IDLE {"metadata":{"emulator":{"name":"functions"},"message":"[worker-asia-south1-api-0e2f2f75-7c19-49d0-961f-70e3ef43de8f]: IDLE"}}
[debug] [2022-08-29T02:44:32.637Z] [work-queue] {"queueLength":0,"workRunningCount":0}
[debug] [2022-08-29T02:44:36.306Z] [work-queue] {"queueLength":1,"workRunningCount":0}
[debug] [2022-08-29T02:44:36.307Z] [work-queue] {"queueLength":0,"workRunningCount":1}
[debug] [2022-08-29T02:44:36.307Z] Accepted request GET /spectrum-42da3/asia-south1/api/product/getProducts --> asia-south1-api
[debug] [2022-08-29T02:44:36.307Z] [worker-pool] submitWork(triggerId=asia-south1-api) {"metadata":{"emulator":{"name":"functions"},"message":"[worker-pool] submitWork(triggerId=asia-south1-api)"}}
[debug] [2022-08-29T02:44:36.308Z] [worker-asia-south1-api-0e2f2f75-7c19-49d0-961f-70e3ef43de8f]: Assigning socketPath: /var/folders/zk/180_njs15vj33jcwpz54qgfr0000gn/T/fire_emu_4535.sock {"metadata":{"emulator":{"name":"functions"},"message":"[worker-asia-south1-api-0e2f2f75-7c19-49d0-961f-70e3ef43de8f]: Assigning socketPath: /var/folders/zk/180_njs15vj33jcwpz54qgfr0000gn/T/fire_emu_4535.sock"}}
[debug] [2022-08-29T02:44:36.308Z] [worker-asia-south1-api-0e2f2f75-7c19-49d0-961f-70e3ef43de8f]: BUSY {"metadata":{"emulator":{"name":"functions"},"message":"[worker-asia-south1-api-0e2f2f75-7c19-49d0-961f-70e3ef43de8f]: BUSY"}}
[debug] [2022-08-29T02:44:36.311Z] [runtime-status] [4535] Beginning invocation function api! {"metadata":{"emulator":{"name":"functions"},"function":{"name":"asia-south1-api"},"extension":{},"message":"[runtime-status] [4535] Beginning invocation function api!"}}
[info] i  functions: Beginning execution of "api" {"metadata":{"emulator":{"name":"functions"},"function":{"name":"asia-south1-api"},"extension":{},"message":"Beginning execution of \"api\""}}
[debug] [2022-08-29T02:44:36.312Z] [runtime-status] [4535] Running api in signature http {"metadata":{"emulator":{"name":"functions"},"function":{"name":"asia-south1-api"},"extension":{},"message":"[runtime-status] [4535] Running api in signature http"}}
[debug] [2022-08-29T02:44:36.316Z] [runtime-status] [4535] Attempting to listen to socketPath: /var/folders/zk/180_njs15vj33jcwpz54qgfr0000gn/T/fire_emu_4535.sock {"metadata":{"emulator":{"name":"functions"},"function":{"name":"asia-south1-api"},"extension":{},"message":"[runtime-status] [4535] Attempting to listen to socketPath: /var/folders/zk/180_njs15vj33jcwpz54qgfr0000gn/T/fire_emu_4535.sock"}}
[debug] [2022-08-29T02:44:36.321Z] [functions] Runtime ready! Sending request! {"metadata":{"emulator":{"name":"functions"},"message":"[functions] Runtime ready! Sending request!"}}
[debug] [2022-08-29T02:44:36.322Z] [functions] Got req.url=/spectrum-42da3/asia-south1/api/product/getProducts, mapping to path=/product/getProducts {"metadata":{"emulator":{"name":"functions"},"message":"[functions] Got req.url=/spectrum-42da3/asia-south1/api/product/getProducts, mapping to path=/product/getProducts"}}
[debug] [2022-08-29T02:44:36.329Z] [runtime-status] [4535] Ephemeral server handling GET request {"metadata":{"emulator":{"name":"functions"},"function":{"name":"asia-south1-api"},"extension":{},"message":"[runtime-status] [4535] Ephemeral server handling GET request"}}
[debug] [2022-08-29T02:44:36.335Z] [runtime-status] [4535] Ephemeral server survived. {"metadata":{"emulator":{"name":"functions"},"function":{"name":"asia-south1-api"},"extension":{},"message":"[runtime-status] [4535] Ephemeral server survived."}}
[warn] ⚠  Google API requested!
   - URL: "https://oauth2.googleapis.com/token"
   - Be careful, this may be a production service. {"metadata":{"emulator":{"name":"functions"},"function":{"name":"asia-south1-api"},"extension":{},"message":"Google API requested!\n   - URL: \"https://oauth2.googleapis.com/token\"\n   - Be careful, this may be a production service."}}
[info] i  functions: Finished "api" in ~1s {"metadata":{"emulator":{"name":"functions"},"function":{"name":"asia-south1-api"},"extension":{},"message":"Finished \"api\" in ~1s"}}
[debug] [2022-08-29T02:44:37.884Z] [worker-asia-south1-api-0e2f2f75-7c19-49d0-961f-70e3ef43de8f]: IDLE {"metadata":{"emulator":{"name":"functions"},"message":"[worker-asia-south1-api-0e2f2f75-7c19-49d0-961f-70e3ef43de8f]: IDLE"}}
[debug] [2022-08-29T02:44:37.884Z] [work-queue] {"queueLength":0,"workRunningCount":0}
[debug] [2022-08-29T02:46:03.661Z] [work-queue] {"queueLength":1,"workRunningCount":0}
[debug] [2022-08-29T02:46:03.665Z] [work-queue] {"queueLength":0,"workRunningCount":1}
[debug] [2022-08-29T02:46:03.665Z] Accepted request POST /spectrum-42da3/asia-south1/api/admin/login --> asia-south1-api
[debug] [2022-08-29T02:46:03.666Z] [worker-pool] submitWork(triggerId=asia-south1-api) {"metadata":{"emulator":{"name":"functions"},"message":"[worker-pool] submitWork(triggerId=asia-south1-api)"}}
[debug] [2022-08-29T02:46:03.667Z] [worker-asia-south1-api-0e2f2f75-7c19-49d0-961f-70e3ef43de8f]: Assigning socketPath: /var/folders/zk/180_njs15vj33jcwpz54qgfr0000gn/T/fire_emu_4535.sock {"metadata":{"emulator":{"name":"functions"},"message":"[worker-asia-south1-api-0e2f2f75-7c19-49d0-961f-70e3ef43de8f]: Assigning socketPath: /var/folders/zk/180_njs15vj33jcwpz54qgfr0000gn/T/fire_emu_4535.sock"}}
[debug] [2022-08-29T02:46:03.667Z] [worker-asia-south1-api-0e2f2f75-7c19-49d0-961f-70e3ef43de8f]: BUSY {"metadata":{"emulator":{"name":"functions"},"message":"[worker-asia-south1-api-0e2f2f75-7c19-49d0-961f-70e3ef43de8f]: BUSY"}}
[debug] [2022-08-29T02:46:03.677Z] [runtime-status] [4535] Beginning invocation function api! {"metadata":{"emulator":{"name":"functions"},"function":{"name":"asia-south1-api"},"extension":{},"message":"[runtime-status] [4535] Beginning invocation function api!"}}
[info] i  functions: Beginning execution of "api" {"metadata":{"emulator":{"name":"functions"},"function":{"name":"asia-south1-api"},"extension":{},"message":"Beginning execution of \"api\""}}
[debug] [2022-08-29T02:46:03.679Z] [runtime-status] [4535] Running api in signature http {"metadata":{"emulator":{"name":"functions"},"function":{"name":"asia-south1-api"},"extension":{},"message":"[runtime-status] [4535] Running api in signature http"}}
[debug] [2022-08-29T02:46:03.682Z] [runtime-status] [4535] Attempting to listen to socketPath: /var/folders/zk/180_njs15vj33jcwpz54qgfr0000gn/T/fire_emu_4535.sock {"metadata":{"emulator":{"name":"functions"},"function":{"name":"asia-south1-api"},"extension":{},"message":"[runtime-status] [4535] Attempting to listen to socketPath: /var/folders/zk/180_njs15vj33jcwpz54qgfr0000gn/T/fire_emu_4535.sock"}}
[debug] [2022-08-29T02:46:03.708Z] [functions] Runtime ready! Sending request! {"metadata":{"emulator":{"name":"functions"},"message":"[functions] Runtime ready! Sending request!"}}
[debug] [2022-08-29T02:46:03.710Z] [functions] Got req.url=/spectrum-42da3/asia-south1/api/admin/login, mapping to path=/admin/login {"metadata":{"emulator":{"name":"functions"},"message":"[functions] Got req.url=/spectrum-42da3/asia-south1/api/admin/login, mapping to path=/admin/login"}}
[debug] [2022-08-29T02:46:03.746Z] [runtime-status] [4535] Ephemeral server handling POST request {"metadata":{"emulator":{"name":"functions"},"function":{"name":"asia-south1-api"},"extension":{},"message":"[runtime-status] [4535] Ephemeral server handling POST request"}}
[debug] [2022-08-29T02:46:03.749Z] [runtime-status] [4535] Ephemeral server survived. {"metadata":{"emulator":{"name":"functions"},"function":{"name":"asia-south1-api"},"extension":{},"message":"[runtime-status] [4535] Ephemeral server survived."}}
[info] i  functions: Finished "api" in ~1s {"metadata":{"emulator":{"name":"functions"},"function":{"name":"asia-south1-api"},"extension":{},"message":"Finished \"api\" in ~1s"}}
[debug] [2022-08-29T02:46:03.946Z] [worker-asia-south1-api-0e2f2f75-7c19-49d0-961f-70e3ef43de8f]: IDLE {"metadata":{"emulator":{"name":"functions"},"message":"[worker-asia-south1-api-0e2f2f75-7c19-49d0-961f-70e3ef43de8f]: IDLE"}}
[debug] [2022-08-29T02:46:03.947Z] [work-queue] {"queueLength":0,"workRunningCount":0}
[debug] [2022-08-29T02:46:08.509Z] [work-queue] {"queueLength":1,"workRunningCount":0}
[debug] [2022-08-29T02:46:08.511Z] [work-queue] {"queueLength":0,"workRunningCount":1}
[debug] [2022-08-29T02:46:08.511Z] Accepted request GET /spectrum-42da3/asia-south1/api/product/getProducts --> asia-south1-api
[debug] [2022-08-29T02:46:08.512Z] [worker-pool] submitWork(triggerId=asia-south1-api) {"metadata":{"emulator":{"name":"functions"},"message":"[worker-pool] submitWork(triggerId=asia-south1-api)"}}
[debug] [2022-08-29T02:46:08.513Z] [worker-asia-south1-api-0e2f2f75-7c19-49d0-961f-70e3ef43de8f]: Assigning socketPath: /var/folders/zk/180_njs15vj33jcwpz54qgfr0000gn/T/fire_emu_4535.sock {"metadata":{"emulator":{"name":"functions"},"message":"[worker-asia-south1-api-0e2f2f75-7c19-49d0-961f-70e3ef43de8f]: Assigning socketPath: /var/folders/zk/180_njs15vj33jcwpz54qgfr0000gn/T/fire_emu_4535.sock"}}
[debug] [2022-08-29T02:46:08.513Z] [worker-asia-south1-api-0e2f2f75-7c19-49d0-961f-70e3ef43de8f]: BUSY {"metadata":{"emulator":{"name":"functions"},"message":"[worker-asia-south1-api-0e2f2f75-7c19-49d0-961f-70e3ef43de8f]: BUSY"}}
[debug] [2022-08-29T02:46:08.516Z] [runtime-status] [4535] Beginning invocation function api! {"metadata":{"emulator":{"name":"functions"},"function":{"name":"asia-south1-api"},"extension":{},"message":"[runtime-status] [4535] Beginning invocation function api!"}}
[info] i  functions: Beginning execution of "api" {"metadata":{"emulator":{"name":"functions"},"function":{"name":"asia-south1-api"},"extension":{},"message":"Beginning execution of \"api\""}}
[debug] [2022-08-29T02:46:08.519Z] [runtime-status] [4535] Running api in signature http {"metadata":{"emulator":{"name":"functions"},"function":{"name":"asia-south1-api"},"extension":{},"message":"[runtime-status] [4535] Running api in signature http"}}
[debug] [2022-08-29T02:46:08.520Z] [runtime-status] [4535] Attempting to listen to socketPath: /var/folders/zk/180_njs15vj33jcwpz54qgfr0000gn/T/fire_emu_4535.sock {"metadata":{"emulator":{"name":"functions"},"function":{"name":"asia-south1-api"},"extension":{},"message":"[runtime-status] [4535] Attempting to listen to socketPath: /var/folders/zk/180_njs15vj33jcwpz54qgfr0000gn/T/fire_emu_4535.sock"}}
[debug] [2022-08-29T02:46:08.526Z] [functions] Runtime ready! Sending request! {"metadata":{"emulator":{"name":"functions"},"message":"[functions] Runtime ready! Sending request!"}}
[debug] [2022-08-29T02:46:08.526Z] [functions] Got req.url=/spectrum-42da3/asia-south1/api/product/getProducts, mapping to path=/product/getProducts {"metadata":{"emulator":{"name":"functions"},"message":"[functions] Got req.url=/spectrum-42da3/asia-south1/api/product/getProducts, mapping to path=/product/getProducts"}}
[debug] [2022-08-29T02:46:08.535Z] [runtime-status] [4535] Ephemeral server handling GET request {"metadata":{"emulator":{"name":"functions"},"function":{"name":"asia-south1-api"},"extension":{},"message":"[runtime-status] [4535] Ephemeral server handling GET request"}}
[debug] [2022-08-29T02:46:08.539Z] [runtime-status] [4535] Ephemeral server survived. {"metadata":{"emulator":{"name":"functions"},"function":{"name":"asia-south1-api"},"extension":{},"message":"[runtime-status] [4535] Ephemeral server survived."}}
[info] i  functions: Finished "api" in ~1s {"metadata":{"emulator":{"name":"functions"},"function":{"name":"asia-south1-api"},"extension":{},"message":"Finished \"api\" in ~1s"}}
[debug] [2022-08-29T02:46:08.727Z] [worker-asia-south1-api-0e2f2f75-7c19-49d0-961f-70e3ef43de8f]: IDLE {"metadata":{"emulator":{"name":"functions"},"message":"[worker-asia-south1-api-0e2f2f75-7c19-49d0-961f-70e3ef43de8f]: IDLE"}}
[debug] [2022-08-29T02:46:08.727Z] [work-queue] {"queueLength":0,"workRunningCount":0}
[debug] [2022-08-29T02:48:20.685Z] [work-queue] {"queueLength":1,"workRunningCount":0}
[debug] [2022-08-29T02:48:20.687Z] [work-queue] {"queueLength":0,"workRunningCount":1}
[debug] [2022-08-29T02:48:20.687Z] Accepted request GET /spectrum-42da3/asia-south1/api/rent/getRents --> asia-south1-api
[debug] [2022-08-29T02:48:20.687Z] [worker-pool] submitWork(triggerId=asia-south1-api) {"metadata":{"emulator":{"name":"functions"},"message":"[worker-pool] submitWork(triggerId=asia-south1-api)"}}
[debug] [2022-08-29T02:48:20.687Z] [worker-asia-south1-api-0e2f2f75-7c19-49d0-961f-70e3ef43de8f]: Assigning socketPath: /var/folders/zk/180_njs15vj33jcwpz54qgfr0000gn/T/fire_emu_4535.sock {"metadata":{"emulator":{"name":"functions"},"message":"[worker-asia-south1-api-0e2f2f75-7c19-49d0-961f-70e3ef43de8f]: Assigning socketPath: /var/folders/zk/180_njs15vj33jcwpz54qgfr0000gn/T/fire_emu_4535.sock"}}
[debug] [2022-08-29T02:48:20.687Z] [worker-asia-south1-api-0e2f2f75-7c19-49d0-961f-70e3ef43de8f]: BUSY {"metadata":{"emulator":{"name":"functions"},"message":"[worker-asia-south1-api-0e2f2f75-7c19-49d0-961f-70e3ef43de8f]: BUSY"}}
[debug] [2022-08-29T02:48:20.689Z] [runtime-status] [4535] Beginning invocation function api! {"metadata":{"emulator":{"name":"functions"},"function":{"name":"asia-south1-api"},"extension":{},"message":"[runtime-status] [4535] Beginning invocation function api!"}}
[info] i  functions: Beginning execution of "api" {"metadata":{"emulator":{"name":"functions"},"function":{"name":"asia-south1-api"},"extension":{},"message":"Beginning execution of \"api\""}}
[debug] [2022-08-29T02:48:20.690Z] [runtime-status] [4535] Running api in signature http {"metadata":{"emulator":{"name":"functions"},"function":{"name":"asia-south1-api"},"extension":{},"message":"[runtime-status] [4535] Running api in signature http"}}
[debug] [2022-08-29T02:48:20.697Z] [runtime-status] [4535] Attempting to listen to socketPath: /var/folders/zk/180_njs15vj33jcwpz54qgfr0000gn/T/fire_emu_4535.sock {"metadata":{"emulator":{"name":"functions"},"function":{"name":"asia-south1-api"},"extension":{},"message":"[runtime-status] [4535] Attempting to listen to socketPath: /var/folders/zk/180_njs15vj33jcwpz54qgfr0000gn/T/fire_emu_4535.sock"}}
[debug] [2022-08-29T02:48:20.703Z] [functions] Runtime ready! Sending request! {"metadata":{"emulator":{"name":"functions"},"message":"[functions] Runtime ready! Sending request!"}}
[debug] [2022-08-29T02:48:20.703Z] [functions] Got req.url=/spectrum-42da3/asia-south1/api/rent/getRents, mapping to path=/rent/getRents {"metadata":{"emulator":{"name":"functions"},"message":"[functions] Got req.url=/spectrum-42da3/asia-south1/api/rent/getRents, mapping to path=/rent/getRents"}}
[debug] [2022-08-29T02:48:20.710Z] [runtime-status] [4535] Ephemeral server handling GET request {"metadata":{"emulator":{"name":"functions"},"function":{"name":"asia-south1-api"},"extension":{},"message":"[runtime-status] [4535] Ephemeral server handling GET request"}}
[debug] [2022-08-29T02:48:20.715Z] [runtime-status] [4535] Ephemeral server survived. {"metadata":{"emulator":{"name":"functions"},"function":{"name":"asia-south1-api"},"extension":{},"message":"[runtime-status] [4535] Ephemeral server survived."}}
[info] i  functions: Finished "api" in ~1s {"metadata":{"emulator":{"name":"functions"},"function":{"name":"asia-south1-api"},"extension":{},"message":"Finished \"api\" in ~1s"}}
[debug] [2022-08-29T02:48:20.895Z] [worker-asia-south1-api-0e2f2f75-7c19-49d0-961f-70e3ef43de8f]: IDLE {"metadata":{"emulator":{"name":"functions"},"message":"[worker-asia-south1-api-0e2f2f75-7c19-49d0-961f-70e3ef43de8f]: IDLE"}}
[debug] [2022-08-29T02:48:20.895Z] [work-queue] {"queueLength":0,"workRunningCount":0}
[debug] [2022-08-29T02:51:59.791Z] [work-queue] {"queueLength":1,"workRunningCount":0}
[debug] [2022-08-29T02:51:59.793Z] [work-queue] {"queueLength":0,"workRunningCount":1}
[debug] [2022-08-29T02:51:59.793Z] Accepted request GET /spectrum-42da3/asia-south1/api/favicon.ico --> asia-south1-api
[debug] [2022-08-29T02:51:59.793Z] [worker-pool] submitWork(triggerId=asia-south1-api) {"metadata":{"emulator":{"name":"functions"},"message":"[worker-pool] submitWork(triggerId=asia-south1-api)"}}
[debug] [2022-08-29T02:51:59.794Z] [worker-asia-south1-api-0e2f2f75-7c19-49d0-961f-70e3ef43de8f]: Assigning socketPath: /var/folders/zk/180_njs15vj33jcwpz54qgfr0000gn/T/fire_emu_4535.sock {"metadata":{"emulator":{"name":"functions"},"message":"[worker-asia-south1-api-0e2f2f75-7c19-49d0-961f-70e3ef43de8f]: Assigning socketPath: /var/folders/zk/180_njs15vj33jcwpz54qgfr0000gn/T/fire_emu_4535.sock"}}
[debug] [2022-08-29T02:51:59.794Z] [worker-asia-south1-api-0e2f2f75-7c19-49d0-961f-70e3ef43de8f]: BUSY {"metadata":{"emulator":{"name":"functions"},"message":"[worker-asia-south1-api-0e2f2f75-7c19-49d0-961f-70e3ef43de8f]: BUSY"}}
[debug] [2022-08-29T02:51:59.795Z] [work-queue] {"queueLength":1,"workRunningCount":1}
[debug] [2022-08-29T02:51:59.795Z] [work-queue] {"queueLength":0,"workRunningCount":2}
[debug] [2022-08-29T02:51:59.795Z] Accepted request GET /spectrum-42da3/asia-south1/api/apple-touch-icon-precomposed.png --> asia-south1-api
[debug] [2022-08-29T02:51:59.828Z] [worker-pool] addWorker(asia-south1-api) {"metadata":{"emulator":{"name":"functions"},"message":"[worker-pool] addWorker(asia-south1-api)"}}
[debug] [2022-08-29T02:51:59.829Z] [worker-pool] Adding worker with key asia-south1-api, total=2 {"metadata":{"emulator":{"name":"functions"},"message":"[worker-pool] Adding worker with key asia-south1-api, total=2"}}
[debug] [2022-08-29T02:51:59.829Z] [worker-pool] submitWork(triggerId=asia-south1-api) {"metadata":{"emulator":{"name":"functions"},"message":"[worker-pool] submitWork(triggerId=asia-south1-api)"}}
[debug] [2022-08-29T02:51:59.829Z] [worker-asia-south1-api-7e6ebfff-f0da-4020-a370-688ba06ee69a]: Assigning socketPath: /var/folders/zk/180_njs15vj33jcwpz54qgfr0000gn/T/fire_emu_5082.sock {"metadata":{"emulator":{"name":"functions"},"message":"[worker-asia-south1-api-7e6ebfff-f0da-4020-a370-688ba06ee69a]: Assigning socketPath: /var/folders/zk/180_njs15vj33jcwpz54qgfr0000gn/T/fire_emu_5082.sock"}}
[debug] [2022-08-29T02:51:59.829Z] [worker-asia-south1-api-7e6ebfff-f0da-4020-a370-688ba06ee69a]: BUSY {"metadata":{"emulator":{"name":"functions"},"message":"[worker-asia-south1-api-7e6ebfff-f0da-4020-a370-688ba06ee69a]: BUSY"}}
[debug] [2022-08-29T02:51:59.830Z] [runtime-status] [4535] Beginning invocation function api! {"metadata":{"emulator":{"name":"functions"},"function":{"name":"asia-south1-api"},"extension":{},"message":"[runtime-status] [4535] Beginning invocation function api!"}}
[info] i  functions: Beginning execution of "api" {"metadata":{"emulator":{"name":"functions"},"function":{"name":"asia-south1-api"},"extension":{},"message":"Beginning execution of \"api\""}}
[debug] [2022-08-29T02:51:59.831Z] [runtime-status] [4535] Running api in signature http {"metadata":{"emulator":{"name":"functions"},"function":{"name":"asia-south1-api"},"extension":{},"message":"[runtime-status] [4535] Running api in signature http"}}
[debug] [2022-08-29T02:51:59.831Z] [runtime-status] [4535] Attempting to listen to socketPath: /var/folders/zk/180_njs15vj33jcwpz54qgfr0000gn/T/fire_emu_4535.sock {"metadata":{"emulator":{"name":"functions"},"function":{"name":"asia-south1-api"},"extension":{},"message":"[runtime-status] [4535] Attempting to listen to socketPath: /var/folders/zk/180_njs15vj33jcwpz54qgfr0000gn/T/fire_emu_4535.sock"}}
[debug] [2022-08-29T02:51:59.849Z] [functions] Runtime ready! Sending request! {"metadata":{"emulator":{"name":"functions"},"message":"[functions] Runtime ready! Sending request!"}}
[debug] [2022-08-29T02:51:59.850Z] [functions] Got req.url=/spectrum-42da3/asia-south1/api/favicon.ico, mapping to path=/favicon.ico {"metadata":{"emulator":{"name":"functions"},"message":"[functions] Got req.url=/spectrum-42da3/asia-south1/api/favicon.ico, mapping to path=/favicon.ico"}}
[debug] [2022-08-29T02:51:59.854Z] [runtime-status] [4535] Ephemeral server handling GET request {"metadata":{"emulator":{"name":"functions"},"function":{"name":"asia-south1-api"},"extension":{},"message":"[runtime-status] [4535] Ephemeral server handling GET request"}}
[debug] [2022-08-29T02:51:59.858Z] [runtime-status] [4535] Ephemeral server survived. {"metadata":{"emulator":{"name":"functions"},"function":{"name":"asia-south1-api"},"extension":{},"message":"[runtime-status] [4535] Ephemeral server survived."}}
[info] i  functions: Finished "api" in ~1s {"metadata":{"emulator":{"name":"functions"},"function":{"name":"asia-south1-api"},"extension":{},"message":"Finished \"api\" in ~1s"}}
[debug] [2022-08-29T02:51:59.858Z] [worker-asia-south1-api-0e2f2f75-7c19-49d0-961f-70e3ef43de8f]: IDLE {"metadata":{"emulator":{"name":"functions"},"message":"[worker-asia-south1-api-0e2f2f75-7c19-49d0-961f-70e3ef43de8f]: IDLE"}}
[debug] [2022-08-29T02:51:59.876Z] [work-queue] {"queueLength":0,"workRunningCount":1}
[debug] [2022-08-29T02:52:01.356Z] [runtime-status] [5082] Functions runtime initialized. {"cwd":"/Users/akram/College/MCA/Mini-Project/spectrum-firebase-functions/functions","node_version":"16.14.0"} {"metadata":{"emulator":{"name":"functions"},"function":{"name":"asia-south1-api"},"extension":{},"message":"[runtime-status] [5082] Functions runtime initialized. {\"cwd\":\"/Users/akram/College/MCA/Mini-Project/spectrum-firebase-functions/functions\",\"node_version\":\"16.14.0\"}"}}
[debug] [2022-08-29T02:52:01.358Z] [runtime-status] [5082] Disabled runtime features: undefined {"metadata":{"emulator":{"name":"functions"},"function":{"name":"asia-south1-api"},"extension":{},"message":"[runtime-status] [5082] Disabled runtime features: undefined"}}
[debug] [2022-08-29T02:52:01.361Z] [runtime-status] [5082] Resolved module firebase-admin {"declared":true,"installed":true,"version":"10.0.2","resolution":"/Users/akram/College/MCA/Mini-Project/spectrum-firebase-functions/functions/node_modules/firebase-admin/lib/index.js"} {"metadata":{"emulator":{"name":"functions"},"function":{"name":"asia-south1-api"},"extension":{},"message":"[runtime-status] [5082] Resolved module firebase-admin {\"declared\":true,\"installed\":true,\"version\":\"10.0.2\",\"resolution\":\"/Users/akram/College/MCA/Mini-Project/spectrum-firebase-functions/functions/node_modules/firebase-admin/lib/index.js\"}"}}
[debug] [2022-08-29T02:52:01.362Z] [runtime-status] [5082] Resolved module firebase-functions {"declared":true,"installed":true,"version":"3.18.1","resolution":"/Users/akram/College/MCA/Mini-Project/spectrum-firebase-functions/functions/node_modules/firebase-functions/lib/index.js"} {"metadata":{"emulator":{"name":"functions"},"function":{"name":"asia-south1-api"},"extension":{},"message":"[runtime-status] [5082] Resolved module firebase-functions {\"declared\":true,\"installed\":true,\"version\":\"3.18.1\",\"resolution\":\"/Users/akram/College/MCA/Mini-Project/spectrum-firebase-functions/functions/node_modules/firebase-functions/lib/index.js\"}"}}
[debug] [2022-08-29T02:52:01.362Z] [runtime-status] [5082] Outgoing network have been stubbed. [{"name":"http","status":"mocked"},{"name":"http","status":"mocked"},{"name":"https","status":"mocked"},{"name":"https","status":"mocked"},{"name":"net","status":"mocked"}] {"metadata":{"emulator":{"name":"functions"},"function":{"name":"asia-south1-api"},"extension":{},"message":"[runtime-status] [5082] Outgoing network have been stubbed. [{\"name\":\"http\",\"status\":\"mocked\"},{\"name\":\"http\",\"status\":\"mocked\"},{\"name\":\"https\",\"status\":\"mocked\"},{\"name\":\"https\",\"status\":\"mocked\"},{\"name\":\"net\",\"status\":\"mocked\"}]"}}
[debug] [2022-08-29T02:52:01.364Z] [runtime-status] [5082] Resolved module firebase-functions {"declared":true,"installed":true,"version":"3.18.1","resolution":"/Users/akram/College/MCA/Mini-Project/spectrum-firebase-functions/functions/node_modules/firebase-functions/lib/index.js"} {"metadata":{"emulator":{"name":"functions"},"function":{"name":"asia-south1-api"},"extension":{},"message":"[runtime-status] [5082] Resolved module firebase-functions {\"declared\":true,\"installed\":true,\"version\":\"3.18.1\",\"resolution\":\"/Users/akram/College/MCA/Mini-Project/spectrum-firebase-functions/functions/node_modules/firebase-functions/lib/index.js\"}"}}
[debug] [2022-08-29T02:52:01.391Z] [runtime-status] [5082] Checked functions.config() {"config":{}} {"metadata":{"emulator":{"name":"functions"},"function":{"name":"asia-south1-api"},"extension":{},"message":"[runtime-status] [5082] Checked functions.config() {\"config\":{}}"}}
[debug] [2022-08-29T02:52:01.392Z] [runtime-status] [5082] firebase-functions has been stubbed. {"functionsResolution":{"declared":true,"installed":true,"version":"3.18.1","resolution":"/Users/akram/College/MCA/Mini-Project/spectrum-firebase-functions/functions/node_modules/firebase-functions/lib/index.js"}} {"metadata":{"emulator":{"name":"functions"},"function":{"name":"asia-south1-api"},"extension":{},"message":"[runtime-status] [5082] firebase-functions has been stubbed. {\"functionsResolution\":{\"declared\":true,\"installed\":true,\"version\":\"3.18.1\",\"resolution\":\"/Users/akram/College/MCA/Mini-Project/spectrum-firebase-functions/functions/node_modules/firebase-functions/lib/index.js\"}}"}}
[debug] [2022-08-29T02:52:01.393Z] [runtime-status] [5082] Resolved module firebase-functions {"declared":true,"installed":true,"version":"3.18.1","resolution":"/Users/akram/College/MCA/Mini-Project/spectrum-firebase-functions/functions/node_modules/firebase-functions/lib/index.js"} {"metadata":{"emulator":{"name":"functions"},"function":{"name":"asia-south1-api"},"extension":{},"message":"[runtime-status] [5082] Resolved module firebase-functions {\"declared\":true,\"installed\":true,\"version\":\"3.18.1\",\"resolution\":\"/Users/akram/College/MCA/Mini-Project/spectrum-firebase-functions/functions/node_modules/firebase-functions/lib/index.js\"}"}}
[debug] [2022-08-29T02:52:01.395Z] [runtime-status] [5082] Resolved module firebase-admin {"declared":true,"installed":true,"version":"10.0.2","resolution":"/Users/akram/College/MCA/Mini-Project/spectrum-firebase-functions/functions/node_modules/firebase-admin/lib/index.js"} {"metadata":{"emulator":{"name":"functions"},"function":{"name":"asia-south1-api"},"extension":{},"message":"[runtime-status] [5082] Resolved module firebase-admin {\"declared\":true,\"installed\":true,\"version\":\"10.0.2\",\"resolution\":\"/Users/akram/College/MCA/Mini-Project/spectrum-firebase-functions/functions/node_modules/firebase-admin/lib/index.js\"}"}}
[debug] [2022-08-29T02:52:01.396Z] [runtime-status] [5082] Resolved module firebase-functions {"declared":true,"installed":true,"version":"3.18.1","resolution":"/Users/akram/College/MCA/Mini-Project/spectrum-firebase-functions/functions/node_modules/firebase-functions/lib/index.js"} {"metadata":{"emulator":{"name":"functions"},"function":{"name":"asia-south1-api"},"extension":{},"message":"[runtime-status] [5082] Resolved module firebase-functions {\"declared\":true,\"installed\":true,\"version\":\"3.18.1\",\"resolution\":\"/Users/akram/College/MCA/Mini-Project/spectrum-firebase-functions/functions/node_modules/firebase-functions/lib/index.js\"}"}}
[debug] [2022-08-29T02:52:01.396Z] [runtime-status] [5082] firebase-admin has been stubbed. {"adminResolution":{"declared":true,"installed":true,"version":"10.0.2","resolution":"/Users/akram/College/MCA/Mini-Project/spectrum-firebase-functions/functions/node_modules/firebase-admin/lib/index.js"}} {"metadata":{"emulator":{"name":"functions"},"function":{"name":"asia-south1-api"},"extension":{},"message":"[runtime-status] [5082] firebase-admin has been stubbed. {\"adminResolution\":{\"declared\":true,\"installed\":true,\"version\":\"10.0.2\",\"resolution\":\"/Users/akram/College/MCA/Mini-Project/spectrum-firebase-functions/functions/node_modules/firebase-admin/lib/index.js\"}}"}}
[debug] [2022-08-29T02:52:01.453Z] [runtime-status] [5082] initializeApp(DEFAULT) {"storageBucket":"spectrum-42da3.appspot.com","projectId":"spectrum-42da3"} {"metadata":{"emulator":{"name":"functions"},"function":{"name":"asia-south1-api"},"extension":{},"message":"[runtime-status] [5082] initializeApp(DEFAULT) {\"storageBucket\":\"spectrum-42da3.appspot.com\",\"projectId\":\"spectrum-42da3\"}"}}
[debug] [2022-08-29T02:52:01.498Z] [runtime-status] [5082] Beginning invocation function api! {"metadata":{"emulator":{"name":"functions"},"function":{"name":"asia-south1-api"},"extension":{},"message":"[runtime-status] [5082] Beginning invocation function api!"}}
[info] i  functions: Beginning execution of "api" {"metadata":{"emulator":{"name":"functions"},"function":{"name":"asia-south1-api"},"extension":{},"message":"Beginning execution of \"api\""}}
[debug] [2022-08-29T02:52:01.498Z] [runtime-status] [5082] Running api in signature http {"metadata":{"emulator":{"name":"functions"},"function":{"name":"asia-south1-api"},"extension":{},"message":"[runtime-status] [5082] Running api in signature http"}}
[debug] [2022-08-29T02:52:01.502Z] [runtime-status] [5082] Attempting to listen to socketPath: /var/folders/zk/180_njs15vj33jcwpz54qgfr0000gn/T/fire_emu_5082.sock {"metadata":{"emulator":{"name":"functions"},"function":{"name":"asia-south1-api"},"extension":{},"message":"[runtime-status] [5082] Attempting to listen to socketPath: /var/folders/zk/180_njs15vj33jcwpz54qgfr0000gn/T/fire_emu_5082.sock"}}
[debug] [2022-08-29T02:52:01.508Z] [functions] Runtime ready! Sending request! {"metadata":{"emulator":{"name":"functions"},"message":"[functions] Runtime ready! Sending request!"}}
[debug] [2022-08-29T02:52:01.508Z] [functions] Got req.url=/spectrum-42da3/asia-south1/api/apple-touch-icon-precomposed.png, mapping to path=/apple-touch-icon-precomposed.png {"metadata":{"emulator":{"name":"functions"},"message":"[functions] Got req.url=/spectrum-42da3/asia-south1/api/apple-touch-icon-precomposed.png, mapping to path=/apple-touch-icon-precomposed.png"}}
[debug] [2022-08-29T02:52:01.513Z] [runtime-status] [5082] Ephemeral server handling GET request {"metadata":{"emulator":{"name":"functions"},"function":{"name":"asia-south1-api"},"extension":{},"message":"[runtime-status] [5082] Ephemeral server handling GET request"}}
[debug] [2022-08-29T02:52:01.522Z] [runtime-status] [5082] Ephemeral server survived. {"metadata":{"emulator":{"name":"functions"},"function":{"name":"asia-south1-api"},"extension":{},"message":"[runtime-status] [5082] Ephemeral server survived."}}
[info] i  functions: Finished "api" in ~1s {"metadata":{"emulator":{"name":"functions"},"function":{"name":"asia-south1-api"},"extension":{},"message":"Finished \"api\" in ~1s"}}
[debug] [2022-08-29T02:52:01.523Z] [worker-asia-south1-api-7e6ebfff-f0da-4020-a370-688ba06ee69a]: IDLE {"metadata":{"emulator":{"name":"functions"},"message":"[worker-asia-south1-api-7e6ebfff-f0da-4020-a370-688ba06ee69a]: IDLE"}}
[debug] [2022-08-29T02:52:01.523Z] [work-queue] {"queueLength":0,"workRunningCount":0}
[debug] [2022-08-29T02:52:01.529Z] [work-queue] {"queueLength":1,"workRunningCount":0}
[debug] [2022-08-29T02:52:01.529Z] [work-queue] {"queueLength":0,"workRunningCount":1}
[debug] [2022-08-29T02:52:01.529Z] Accepted request GET /spectrum-42da3/asia-south1/api/apple-touch-icon.png --> asia-south1-api
[debug] [2022-08-29T02:52:01.529Z] [worker-pool] submitWork(triggerId=asia-south1-api) {"metadata":{"emulator":{"name":"functions"},"message":"[worker-pool] submitWork(triggerId=asia-south1-api)"}}
[debug] [2022-08-29T02:52:01.529Z] [worker-asia-south1-api-0e2f2f75-7c19-49d0-961f-70e3ef43de8f]: Assigning socketPath: /var/folders/zk/180_njs15vj33jcwpz54qgfr0000gn/T/fire_emu_4535.sock {"metadata":{"emulator":{"name":"functions"},"message":"[worker-asia-south1-api-0e2f2f75-7c19-49d0-961f-70e3ef43de8f]: Assigning socketPath: /var/folders/zk/180_njs15vj33jcwpz54qgfr0000gn/T/fire_emu_4535.sock"}}
[debug] [2022-08-29T02:52:01.529Z] [worker-asia-south1-api-0e2f2f75-7c19-49d0-961f-70e3ef43de8f]: BUSY {"metadata":{"emulator":{"name":"functions"},"message":"[worker-asia-south1-api-0e2f2f75-7c19-49d0-961f-70e3ef43de8f]: BUSY"}}
[debug] [2022-08-29T02:52:01.530Z] [runtime-status] [4535] Beginning invocation function api! {"metadata":{"emulator":{"name":"functions"},"function":{"name":"asia-south1-api"},"extension":{},"message":"[runtime-status] [4535] Beginning invocation function api!"}}
[info] i  functions: Beginning execution of "api" {"metadata":{"emulator":{"name":"functions"},"function":{"name":"asia-south1-api"},"extension":{},"message":"Beginning execution of \"api\""}}
[debug] [2022-08-29T02:52:01.530Z] [runtime-status] [4535] Running api in signature http {"metadata":{"emulator":{"name":"functions"},"function":{"name":"asia-south1-api"},"extension":{},"message":"[runtime-status] [4535] Running api in signature http"}}
[debug] [2022-08-29T02:52:01.530Z] [runtime-status] [4535] Attempting to listen to socketPath: /var/folders/zk/180_njs15vj33jcwpz54qgfr0000gn/T/fire_emu_4535.sock {"metadata":{"emulator":{"name":"functions"},"function":{"name":"asia-south1-api"},"extension":{},"message":"[runtime-status] [4535] Attempting to listen to socketPath: /var/folders/zk/180_njs15vj33jcwpz54qgfr0000gn/T/fire_emu_4535.sock"}}
[debug] [2022-08-29T02:52:01.533Z] [functions] Runtime ready! Sending request! {"metadata":{"emulator":{"name":"functions"},"message":"[functions] Runtime ready! Sending request!"}}
[debug] [2022-08-29T02:52:01.533Z] [functions] Got req.url=/spectrum-42da3/asia-south1/api/apple-touch-icon.png, mapping to path=/apple-touch-icon.png {"metadata":{"emulator":{"name":"functions"},"message":"[functions] Got req.url=/spectrum-42da3/asia-south1/api/apple-touch-icon.png, mapping to path=/apple-touch-icon.png"}}
[debug] [2022-08-29T02:52:01.536Z] [runtime-status] [4535] Ephemeral server handling GET request {"metadata":{"emulator":{"name":"functions"},"function":{"name":"asia-south1-api"},"extension":{},"message":"[runtime-status] [4535] Ephemeral server handling GET request"}}
[debug] [2022-08-29T02:52:01.538Z] [runtime-status] [4535] Ephemeral server survived. {"metadata":{"emulator":{"name":"functions"},"function":{"name":"asia-south1-api"},"extension":{},"message":"[runtime-status] [4535] Ephemeral server survived."}}
[info] i  functions: Finished "api" in ~1s {"metadata":{"emulator":{"name":"functions"},"function":{"name":"asia-south1-api"},"extension":{},"message":"Finished \"api\" in ~1s"}}
[debug] [2022-08-29T02:52:01.538Z] [worker-asia-south1-api-0e2f2f75-7c19-49d0-961f-70e3ef43de8f]: IDLE {"metadata":{"emulator":{"name":"functions"},"message":"[worker-asia-south1-api-0e2f2f75-7c19-49d0-961f-70e3ef43de8f]: IDLE"}}
[debug] [2022-08-29T02:52:01.538Z] [work-queue] {"queueLength":0,"workRunningCount":0}
[debug] [2022-08-29T02:52:17.882Z] [work-queue] {"queueLength":1,"workRunningCount":0}
[debug] [2022-08-29T02:52:17.883Z] [work-queue] {"queueLength":0,"workRunningCount":1}
[debug] [2022-08-29T02:52:17.883Z] Accepted request POST /spectrum-42da3/asia-south1/api/admin/login --> asia-south1-api
[debug] [2022-08-29T02:52:17.884Z] [worker-pool] submitWork(triggerId=asia-south1-api) {"metadata":{"emulator":{"name":"functions"},"message":"[worker-pool] submitWork(triggerId=asia-south1-api)"}}
[debug] [2022-08-29T02:52:17.884Z] [worker-asia-south1-api-0e2f2f75-7c19-49d0-961f-70e3ef43de8f]: Assigning socketPath: /var/folders/zk/180_njs15vj33jcwpz54qgfr0000gn/T/fire_emu_4535.sock {"metadata":{"emulator":{"name":"functions"},"message":"[worker-asia-south1-api-0e2f2f75-7c19-49d0-961f-70e3ef43de8f]: Assigning socketPath: /var/folders/zk/180_njs15vj33jcwpz54qgfr0000gn/T/fire_emu_4535.sock"}}
[debug] [2022-08-29T02:52:17.885Z] [worker-asia-south1-api-0e2f2f75-7c19-49d0-961f-70e3ef43de8f]: BUSY {"metadata":{"emulator":{"name":"functions"},"message":"[worker-asia-south1-api-0e2f2f75-7c19-49d0-961f-70e3ef43de8f]: BUSY"}}
[debug] [2022-08-29T02:52:17.886Z] [runtime-status] [4535] Beginning invocation function api! {"metadata":{"emulator":{"name":"functions"},"function":{"name":"asia-south1-api"},"extension":{},"message":"[runtime-status] [4535] Beginning invocation function api!"}}
[info] i  functions: Beginning execution of "api" {"metadata":{"emulator":{"name":"functions"},"function":{"name":"asia-south1-api"},"extension":{},"message":"Beginning execution of \"api\""}}
[debug] [2022-08-29T02:52:17.887Z] [runtime-status] [4535] Running api in signature http {"metadata":{"emulator":{"name":"functions"},"function":{"name":"asia-south1-api"},"extension":{},"message":"[runtime-status] [4535] Running api in signature http"}}
[debug] [2022-08-29T02:52:17.887Z] [runtime-status] [4535] Attempting to listen to socketPath: /var/folders/zk/180_njs15vj33jcwpz54qgfr0000gn/T/fire_emu_4535.sock {"metadata":{"emulator":{"name":"functions"},"function":{"name":"asia-south1-api"},"extension":{},"message":"[runtime-status] [4535] Attempting to listen to socketPath: /var/folders/zk/180_njs15vj33jcwpz54qgfr0000gn/T/fire_emu_4535.sock"}}
[debug] [2022-08-29T02:52:17.897Z] [functions] Runtime ready! Sending request! {"metadata":{"emulator":{"name":"functions"},"message":"[functions] Runtime ready! Sending request!"}}
[debug] [2022-08-29T02:52:17.898Z] [functions] Got req.url=/spectrum-42da3/asia-south1/api/admin/login, mapping to path=/admin/login {"metadata":{"emulator":{"name":"functions"},"message":"[functions] Got req.url=/spectrum-42da3/asia-south1/api/admin/login, mapping to path=/admin/login"}}
[debug] [2022-08-29T02:52:17.911Z] [runtime-status] [4535] Ephemeral server handling POST request {"metadata":{"emulator":{"name":"functions"},"function":{"name":"asia-south1-api"},"extension":{},"message":"[runtime-status] [4535] Ephemeral server handling POST request"}}
[debug] [2022-08-29T02:52:17.914Z] [runtime-status] [4535] Ephemeral server survived. {"metadata":{"emulator":{"name":"functions"},"function":{"name":"asia-south1-api"},"extension":{},"message":"[runtime-status] [4535] Ephemeral server survived."}}
[info] i  functions: Finished "api" in ~1s {"metadata":{"emulator":{"name":"functions"},"function":{"name":"asia-south1-api"},"extension":{},"message":"Finished \"api\" in ~1s"}}
[debug] [2022-08-29T02:52:18.070Z] [worker-asia-south1-api-0e2f2f75-7c19-49d0-961f-70e3ef43de8f]: IDLE {"metadata":{"emulator":{"name":"functions"},"message":"[worker-asia-south1-api-0e2f2f75-7c19-49d0-961f-70e3ef43de8f]: IDLE"}}
[debug] [2022-08-29T02:52:18.070Z] [work-queue] {"queueLength":0,"workRunningCount":0}
[debug] [2022-08-29T02:52:19.733Z] [work-queue] {"queueLength":1,"workRunningCount":0}
[debug] [2022-08-29T02:52:19.734Z] [work-queue] {"queueLength":0,"workRunningCount":1}
[debug] [2022-08-29T02:52:19.734Z] Accepted request GET /spectrum-42da3/asia-south1/api/rent/getRents --> asia-south1-api
[debug] [2022-08-29T02:52:19.736Z] [worker-pool] submitWork(triggerId=asia-south1-api) {"metadata":{"emulator":{"name":"functions"},"message":"[worker-pool] submitWork(triggerId=asia-south1-api)"}}
[debug] [2022-08-29T02:52:19.736Z] [worker-asia-south1-api-0e2f2f75-7c19-49d0-961f-70e3ef43de8f]: Assigning socketPath: /var/folders/zk/180_njs15vj33jcwpz54qgfr0000gn/T/fire_emu_4535.sock {"metadata":{"emulator":{"name":"functions"},"message":"[worker-asia-south1-api-0e2f2f75-7c19-49d0-961f-70e3ef43de8f]: Assigning socketPath: /var/folders/zk/180_njs15vj33jcwpz54qgfr0000gn/T/fire_emu_4535.sock"}}
[debug] [2022-08-29T02:52:19.737Z] [worker-asia-south1-api-0e2f2f75-7c19-49d0-961f-70e3ef43de8f]: BUSY {"metadata":{"emulator":{"name":"functions"},"message":"[worker-asia-south1-api-0e2f2f75-7c19-49d0-961f-70e3ef43de8f]: BUSY"}}
[debug] [2022-08-29T02:52:19.738Z] [runtime-status] [4535] Beginning invocation function api! {"metadata":{"emulator":{"name":"functions"},"function":{"name":"asia-south1-api"},"extension":{},"message":"[runtime-status] [4535] Beginning invocation function api!"}}
[info] i  functions: Beginning execution of "api" {"metadata":{"emulator":{"name":"functions"},"function":{"name":"asia-south1-api"},"extension":{},"message":"Beginning execution of \"api\""}}
[debug] [2022-08-29T02:52:19.739Z] [runtime-status] [4535] Running api in signature http {"metadata":{"emulator":{"name":"functions"},"function":{"name":"asia-south1-api"},"extension":{},"message":"[runtime-status] [4535] Running api in signature http"}}
[debug] [2022-08-29T02:52:19.740Z] [runtime-status] [4535] Attempting to listen to socketPath: /var/folders/zk/180_njs15vj33jcwpz54qgfr0000gn/T/fire_emu_4535.sock {"metadata":{"emulator":{"name":"functions"},"function":{"name":"asia-south1-api"},"extension":{},"message":"[runtime-status] [4535] Attempting to listen to socketPath: /var/folders/zk/180_njs15vj33jcwpz54qgfr0000gn/T/fire_emu_4535.sock"}}
[debug] [2022-08-29T02:52:19.747Z] [functions] Runtime ready! Sending request! {"metadata":{"emulator":{"name":"functions"},"message":"[functions] Runtime ready! Sending request!"}}
[debug] [2022-08-29T02:52:19.747Z] [functions] Got req.url=/spectrum-42da3/asia-south1/api/rent/getRents, mapping to path=/rent/getRents {"metadata":{"emulator":{"name":"functions"},"message":"[functions] Got req.url=/spectrum-42da3/asia-south1/api/rent/getRents, mapping to path=/rent/getRents"}}
[debug] [2022-08-29T02:52:19.751Z] [runtime-status] [4535] Ephemeral server handling GET request {"metadata":{"emulator":{"name":"functions"},"function":{"name":"asia-south1-api"},"extension":{},"message":"[runtime-status] [4535] Ephemeral server handling GET request"}}
[debug] [2022-08-29T02:52:19.752Z] [runtime-status] [4535] Ephemeral server survived. {"metadata":{"emulator":{"name":"functions"},"function":{"name":"asia-south1-api"},"extension":{},"message":"[runtime-status] [4535] Ephemeral server survived."}}
[info] i  functions: Finished "api" in ~1s {"metadata":{"emulator":{"name":"functions"},"function":{"name":"asia-south1-api"},"extension":{},"message":"Finished \"api\" in ~1s"}}
[debug] [2022-08-29T02:52:19.838Z] [worker-asia-south1-api-0e2f2f75-7c19-49d0-961f-70e3ef43de8f]: IDLE {"metadata":{"emulator":{"name":"functions"},"message":"[worker-asia-south1-api-0e2f2f75-7c19-49d0-961f-70e3ef43de8f]: IDLE"}}
[debug] [2022-08-29T02:52:19.838Z] [work-queue] {"queueLength":0,"workRunningCount":0}
